<?xml version="1.0" encoding="UTF-8"?>
<testng-results ignored="0" total="2" passed="2" failed="0" skipped="0">
  <reporter-output>
  </reporter-output>
  <suite started-at="2024-01-10T16:48:09 GMT" name="Surefire suite" finished-at="2024-01-10T16:48:29 GMT" duration-ms="19892">
    <groups>
    </groups>
    <test started-at="2024-01-10T16:48:09 GMT" name="Surefire test" finished-at="2024-01-10T16:48:29 GMT" duration-ms="19892">
      <class name="firstTestNGPackage.FirstTestNGClassTest">
        <test-method is-config="true" signature="initiateBrowser(java.lang.String)[pri:0, instance:firstTestNGPackage.FirstTestNGClassTest@69930714]" started-at="2024-01-10T16:48:09 GMT" name="initiateBrowser" finished-at="2024-01-10T16:48:24 GMT" duration-ms="15410" status="PASS">
          <params>
            <param index="0">
              <value>
                <![CDATA[edge]]>
              </value>
            </param>
          </params>
          <reporter-output>
          </reporter-output>
        </test-method> <!-- initiateBrowser -->
        <test-method is-config="true" signature="verifyHomepageTitle()[pri:0, instance:firstTestNGPackage.FirstTestNGClassTest@69930714]" started-at="2024-01-10T16:48:24 GMT" name="verifyHomepageTitle" finished-at="2024-01-10T16:48:25 GMT" duration-ms="31" status="PASS">
          <reporter-output>
          </reporter-output>
        </test-method> <!-- verifyHomepageTitle -->
        <test-method signature="register()[pri:0, instance:firstTestNGPackage.FirstTestNGClassTest@69930714]" started-at="2024-01-10T16:48:25 GMT" name="register" finished-at="2024-01-10T16:48:26 GMT" duration-ms="1254" status="PASS">
          <reporter-output>
          </reporter-output>
        </test-method> <!-- register -->
        <test-method is-config="true" signature="goBackToHomepage()[pri:0, instance:firstTestNGPackage.FirstTestNGClassTest@69930714]" started-at="2024-01-10T16:48:26 GMT" name="goBackToHomepage" finished-at="2024-01-10T16:48:27 GMT" duration-ms="787" status="PASS">
          <reporter-output>
          </reporter-output>
        </test-method> <!-- goBackToHomepage -->
        <test-method is-config="true" signature="verifyHomepageTitle()[pri:0, instance:firstTestNGPackage.FirstTestNGClassTest@69930714]" started-at="2024-01-10T16:48:27 GMT" name="verifyHomepageTitle" finished-at="2024-01-10T16:48:27 GMT" duration-ms="14" status="PASS">
          <reporter-output>
          </reporter-output>
        </test-method> <!-- verifyHomepageTitle -->
        <test-method signature="support()[pri:1, instance:firstTestNGPackage.FirstTestNGClassTest@69930714]" started-at="2024-01-10T16:48:27 GMT" name="support" finished-at="2024-01-10T16:48:27 GMT" duration-ms="835" status="PASS">
          <reporter-output>
          </reporter-output>
        </test-method> <!-- support -->
        <test-method is-config="true" signature="goBackToHomepage()[pri:0, instance:firstTestNGPackage.FirstTestNGClassTest@69930714]" started-at="2024-01-10T16:48:27 GMT" name="goBackToHomepage" finished-at="2024-01-10T16:48:28 GMT" duration-ms="868" status="PASS">
          <reporter-output>
          </reporter-output>
        </test-method> <!-- goBackToHomepage -->
        <test-method is-config="true" signature="terminateBrowser()[pri:0, instance:firstTestNGPackage.FirstTestNGClassTest@69930714]" started-at="2024-01-10T16:48:28 GMT" name="terminateBrowser" finished-at="2024-01-10T16:48:29 GMT" duration-ms="611" status="PASS">
          <reporter-output>
          </reporter-output>
        </test-method> <!-- terminateBrowser -->
      </class> <!-- firstTestNGPackage.FirstTestNGClassTest -->
    </test> <!-- Surefire test -->
  </suite> <!-- Surefire suite -->
</testng-results>
