<?xml version="1.0" encoding="UTF-8"?>
<testng-results ignored="0" total="2" passed="2" failed="0" skipped="0">
  <reporter-output>
  </reporter-output>
  <suite started-at="2024-01-10T16:20:11 GMT" name="Suite" finished-at="2024-01-10T16:20:20 GMT" duration-ms="9021">
    <groups>
    </groups>
    <test started-at="2024-01-10T16:20:11 GMT" name="Test" finished-at="2024-01-10T16:20:20 GMT" duration-ms="9021">
      <class name="firstTestNGPackage.FirstTestNGClass">
        <test-method is-config="true" signature="initiateBrowser()[pri:0, instance:firstTestNGPackage.FirstTestNGClass@37d4349f]" started-at="2024-01-10T16:20:11 GMT" name="initiateBrowser" finished-at="2024-01-10T16:20:17 GMT" duration-ms="6214" status="PASS">
          <reporter-output>
          </reporter-output>
        </test-method> <!-- initiateBrowser -->
        <test-method is-config="true" signature="verifyHomepageTitle()[pri:0, instance:firstTestNGPackage.FirstTestNGClass@37d4349f]" started-at="2024-01-10T16:20:17 GMT" name="verifyHomepageTitle" finished-at="2024-01-10T16:20:17 GMT" duration-ms="13" status="PASS">
          <reporter-output>
          </reporter-output>
        </test-method> <!-- verifyHomepageTitle -->
        <test-method signature="register()[pri:0, instance:firstTestNGPackage.FirstTestNGClass@37d4349f]" started-at="2024-01-10T16:20:17 GMT" name="register" finished-at="2024-01-10T16:20:18 GMT" duration-ms="1072" status="PASS">
          <reporter-output>
          </reporter-output>
        </test-method> <!-- register -->
        <test-method is-config="true" signature="goBackToHomepage()[pri:0, instance:firstTestNGPackage.FirstTestNGClass@37d4349f]" started-at="2024-01-10T16:20:18 GMT" name="goBackToHomepage" finished-at="2024-01-10T16:20:19 GMT" duration-ms="378" status="PASS">
          <reporter-output>
          </reporter-output>
        </test-method> <!-- goBackToHomepage -->
        <test-method is-config="true" signature="verifyHomepageTitle()[pri:0, instance:firstTestNGPackage.FirstTestNGClass@37d4349f]" started-at="2024-01-10T16:20:19 GMT" name="verifyHomepageTitle" finished-at="2024-01-10T16:20:19 GMT" duration-ms="16" status="PASS">
          <reporter-output>
          </reporter-output>
        </test-method> <!-- verifyHomepageTitle -->
        <test-method signature="support()[pri:1, instance:firstTestNGPackage.FirstTestNGClass@37d4349f]" started-at="2024-01-10T16:20:19 GMT" name="support" finished-at="2024-01-10T16:20:19 GMT" duration-ms="413" status="PASS">
          <reporter-output>
          </reporter-output>
        </test-method> <!-- support -->
        <test-method is-config="true" signature="goBackToHomepage()[pri:0, instance:firstTestNGPackage.FirstTestNGClass@37d4349f]" started-at="2024-01-10T16:20:19 GMT" name="goBackToHomepage" finished-at="2024-01-10T16:20:20 GMT" duration-ms="596" status="PASS">
          <reporter-output>
          </reporter-output>
        </test-method> <!-- goBackToHomepage -->
        <test-method is-config="true" signature="terminateBrowser()[pri:0, instance:firstTestNGPackage.FirstTestNGClass@37d4349f]" started-at="2024-01-10T16:20:20 GMT" name="terminateBrowser" finished-at="2024-01-10T16:20:20 GMT" duration-ms="283" status="PASS">
          <reporter-output>
          </reporter-output>
        </test-method> <!-- terminateBrowser -->
      </class> <!-- firstTestNGPackage.FirstTestNGClass -->
    </test> <!-- Test -->
  </suite> <!-- Suite -->
</testng-results>
