<?xml version="1.0" encoding="UTF-8"?>
<testng-results ignored="0" total="2" passed="2" failed="0" skipped="0">
  <reporter-output>
  </reporter-output>
  <suite started-at="2024-01-10T11:35:48 GMT" name="Default suite" finished-at="2024-01-10T11:35:59 GMT" duration-ms="11026">
    <groups>
    </groups>
    <test started-at="2024-01-10T11:35:48 GMT" name="Default test" finished-at="2024-01-10T11:35:59 GMT" duration-ms="11026">
      <class name="firstTestNGPackage.FirstTestNGClass">
        <test-method is-config="true" signature="initiateBrowser()[pri:0, instance:firstTestNGPackage.FirstTestNGClass@434a63ab]" started-at="2024-01-10T11:35:48 GMT" name="initiateBrowser" finished-at="2024-01-10T11:35:55 GMT" duration-ms="7519" status="PASS">
          <reporter-output>
          </reporter-output>
        </test-method> <!-- initiateBrowser -->
        <test-method is-config="true" signature="verifyHomepageTitle()[pri:0, instance:firstTestNGPackage.FirstTestNGClass@434a63ab]" started-at="2024-01-10T11:35:55 GMT" name="verifyHomepageTitle" finished-at="2024-01-10T11:35:55 GMT" duration-ms="8" status="PASS">
          <reporter-output>
          </reporter-output>
        </test-method> <!-- verifyHomepageTitle -->
        <test-method signature="register()[pri:0, instance:firstTestNGPackage.FirstTestNGClass@434a63ab]" started-at="2024-01-10T11:35:55 GMT" name="register" finished-at="2024-01-10T11:35:57 GMT" duration-ms="1169" status="PASS">
          <reporter-output>
          </reporter-output>
        </test-method> <!-- register -->
        <test-method is-config="true" signature="goBackToHomepage()[pri:0, instance:firstTestNGPackage.FirstTestNGClass@434a63ab]" started-at="2024-01-10T11:35:57 GMT" name="goBackToHomepage" finished-at="2024-01-10T11:35:57 GMT" duration-ms="823" status="PASS">
          <reporter-output>
          </reporter-output>
        </test-method> <!-- goBackToHomepage -->
        <test-method is-config="true" signature="verifyHomepageTitle()[pri:0, instance:firstTestNGPackage.FirstTestNGClass@434a63ab]" started-at="2024-01-10T11:35:57 GMT" name="verifyHomepageTitle" finished-at="2024-01-10T11:35:58 GMT" duration-ms="20" status="PASS">
          <reporter-output>
          </reporter-output>
        </test-method> <!-- verifyHomepageTitle -->
        <test-method signature="support()[pri:1, instance:firstTestNGPackage.FirstTestNGClass@434a63ab]" started-at="2024-01-10T11:35:58 GMT" name="support" finished-at="2024-01-10T11:35:58 GMT" duration-ms="652" status="PASS">
          <reporter-output>
          </reporter-output>
        </test-method> <!-- support -->
        <test-method is-config="true" signature="goBackToHomepage()[pri:0, instance:firstTestNGPackage.FirstTestNGClass@434a63ab]" started-at="2024-01-10T11:35:58 GMT" name="goBackToHomepage" finished-at="2024-01-10T11:35:59 GMT" duration-ms="487" status="PASS">
          <reporter-output>
          </reporter-output>
        </test-method> <!-- goBackToHomepage -->
        <test-method is-config="true" signature="terminateBrowser()[pri:0, instance:firstTestNGPackage.FirstTestNGClass@434a63ab]" started-at="2024-01-10T11:35:59 GMT" name="terminateBrowser" finished-at="2024-01-10T11:35:59 GMT" duration-ms="306" status="PASS">
          <reporter-output>
          </reporter-output>
        </test-method> <!-- terminateBrowser -->
      </class> <!-- firstTestNGPackage.FirstTestNGClass -->
    </test> <!-- Default test -->
  </suite> <!-- Default suite -->
</testng-results>
